<?xml version="1.0" encoding="UTF-8"?>
<testsuite xmlns:xsi="http://www.w3.org/2001/XMLSchema-instance" xsi:noNamespaceSchemaLocation="https://maven.apache.org/surefire/maven-surefire-plugin/xsd/surefire-test-report-3.0.xsd" version="3.0" name="TestSuite" time="78.042" tests="2" errors="0" skipped="0" failures="0">
  <properties>
[...]
</properties>
  <testcase name="runScenario[&quot;Validate search cars page&quot;, &quot;Acceptance testing to validate Search page is working fine.&quot;](1)" classname="com.qa.runner.RunnerCuke" time="36.72">
    <system-out><![CDATA[Before
Menu selected is : buy + sell
Car list found
false
]]></system-out>
    <system-err><![CDATA[Sep 22, 2020 2:14:30 AM cucumber.runtime.filter.TagExpressionOld isOldTagExpression
WARNING: Found tags option '@Search-Cars,@Used-Search-Cars'. Support for '@tag1,@tag2' will be removed from the next release of Cucumber-JVM. Please use '@tag or @tag2' instead
Sep 22, 2020 2:14:31 AM cucumber.runtime.java.ObjectFactoryLoader loadSingleObjectFactory
INFO: Loading ObjectFactory via service loader: io.cucumber.picocontainer.PicoFactory
SLF4J: Failed to load class "org.slf4j.impl.StaticLoggerBinder".
SLF4J: Defaulting to no-operation (NOP) logger implementation
SLF4J: See http://www.slf4j.org/codes.html#StaticLoggerBinder for further details.
Starting ChromeDriver 84.0.4147.30 (48b3e868b4cc0aa7e8149519690b6f6949e110a8-refs/branch-heads/4147@{#310}) on port 11876
Only local connections are allowed.
Please see https://chromedriver.chromium.org/security-considerations for suggestions on keeping ChromeDriver safe.
ChromeDriver was started successfully.
[1600733680.311][WARNING]: This version of ChromeDriver has not been tested with Chrome version 85.
Sep 22, 2020 2:14:42 AM org.openqa.selenium.remote.ProtocolHandshake createSession
INFO: Detected dialect: W3C
]]></system-err>
  </testcase>
  <testcase name="runScenario[&quot;Validate used search cars page&quot;, &quot;Acceptance testing to validate Used Search cars page is working fine.&quot;](2)" classname="com.qa.runner.RunnerCuke" time="34.496">
    <system-out><![CDATA[Before
Menu selected is : buy + sell
Used cards list found
false
]]></system-out>
    <system-err><![CDATA[Starting ChromeDriver 84.0.4147.30 (48b3e868b4cc0aa7e8149519690b6f6949e110a8-refs/branch-heads/4147@{#310}) on port 2662
Only local connections are allowed.
Please see https://chromedriver.chromium.org/security-considerations for suggestions on keeping ChromeDriver safe.
ChromeDriver was started successfully.
[1600733709.849][WARNING]: This version of ChromeDriver has not been tested with Chrome version 85.
Sep 22, 2020 2:15:12 AM org.openqa.selenium.remote.ProtocolHandshake createSession
INFO: Detected dialect: W3C
]]></system-err>
  </testcase>
</testsuite>