<?xml version="1.0" encoding="UTF-8"?>
<testng-results ignored="0" total="2" passed="2" failed="0" skipped="0">
  <reporter-output>
  </reporter-output>
  <suite started-at="2020-09-22T00:14:29Z" name="Suite" finished-at="2020-09-22T00:15:44Z" duration-ms="75460">
    <groups>
      <group name="cucumber">
        <method signature="AbstractTestNGCucumberTests.runScenario(io.cucumber.testng.PickleEventWrapper, io.cucumber.testng.CucumberFeatureWrapper)[pri:0, instance:com.qa.runner.RunnerCuke@70be0a2b]" name="runScenario" class="io.cucumber.testng.AbstractTestNGCucumberTests"/>
      </group> <!-- cucumber -->
    </groups>
    <test started-at="2020-09-22T00:14:29Z" name="Test" finished-at="2020-09-22T00:15:44Z" duration-ms="75460">
      <class name="com.qa.runner.RunnerCuke">
        <test-method is-config="true" signature="setUpClass()[pri:0, instance:com.qa.runner.RunnerCuke@70be0a2b]" started-at="2020-09-22T00:14:29Z" name="setUpClass" finished-at="2020-09-22T00:14:31Z" duration-ms="1497" status="PASS">
          <reporter-output>
          </reporter-output>
        </test-method> <!-- setUpClass -->
        <test-method signature="runScenario(io.cucumber.testng.PickleEventWrapper, io.cucumber.testng.CucumberFeatureWrapper)[pri:0, instance:com.qa.runner.RunnerCuke@70be0a2b]" started-at="2020-09-22T00:14:31Z" name="runScenario" description="Runs Cucumber Scenarios" data-provider="scenarios" finished-at="2020-09-22T00:15:07Z" duration-ms="36667" status="PASS">
          <params>
            <param index="0">
              <value>
                <![CDATA["Validate search cars page"]]>
              </value>
            </param>
            <param index="1">
              <value>
                <![CDATA["Acceptance testing to validate Search page is working fine."]]>
              </value>
            </param>
          </params>
          <reporter-output>
          </reporter-output>
        </test-method> <!-- runScenario -->
        <test-method signature="runScenario(io.cucumber.testng.PickleEventWrapper, io.cucumber.testng.CucumberFeatureWrapper)[pri:0, instance:com.qa.runner.RunnerCuke@70be0a2b]" started-at="2020-09-22T00:15:07Z" name="runScenario" description="Runs Cucumber Scenarios" data-provider="scenarios" finished-at="2020-09-22T00:15:42Z" duration-ms="34530" status="PASS">
          <params>
            <param index="0">
              <value>
                <![CDATA["Validate used search cars page"]]>
              </value>
            </param>
            <param index="1">
              <value>
                <![CDATA["Acceptance testing to validate Used Search cars page is working fine."]]>
              </value>
            </param>
          </params>
          <reporter-output>
          </reporter-output>
        </test-method> <!-- runScenario -->
        <test-method is-config="true" signature="tearDownClass()[pri:0, instance:com.qa.runner.RunnerCuke@70be0a2b]" started-at="2020-09-22T00:15:42Z" name="tearDownClass" finished-at="2020-09-22T00:15:44Z" duration-ms="2558" status="PASS">
          <reporter-output>
          </reporter-output>
        </test-method> <!-- tearDownClass -->
      </class> <!-- com.qa.runner.RunnerCuke -->
    </test> <!-- Test -->
  </suite> <!-- Suite -->
</testng-results>
