<?xml version="1.0" encoding="UTF-8"?>
<testng-results ignored="0" total="2" passed="1" failed="1" skipped="0">
  <reporter-output>
  </reporter-output>
  <suite started-at="2020-09-21T23:49:12Z" name="Suite" finished-at="2020-09-21T23:50:54Z" duration-ms="101369">
    <groups>
      <group name="cucumber">
        <method signature="AbstractTestNGCucumberTests.runScenario(io.cucumber.testng.PickleEventWrapper, io.cucumber.testng.CucumberFeatureWrapper)[pri:0, instance:com.qa.runner.RunnerCuke@3967e60c]" name="runScenario" class="io.cucumber.testng.AbstractTestNGCucumberTests"/>
      </group> <!-- cucumber -->
    </groups>
    <test started-at="2020-09-21T23:49:12Z" name="Test" finished-at="2020-09-21T23:50:54Z" duration-ms="101369">
      <class name="com.qa.runner.RunnerCuke">
        <test-method is-config="true" signature="setUpClass()[pri:0, instance:com.qa.runner.RunnerCuke@3967e60c]" started-at="2020-09-21T23:49:12Z" name="setUpClass" finished-at="2020-09-21T23:49:13Z" duration-ms="884" status="PASS">
          <reporter-output>
          </reporter-output>
        </test-method> <!-- setUpClass -->
        <test-method signature="runScenario(io.cucumber.testng.PickleEventWrapper, io.cucumber.testng.CucumberFeatureWrapper)[pri:0, instance:com.qa.runner.RunnerCuke@3967e60c]" started-at="2020-09-21T23:49:13Z" name="runScenario" description="Runs Cucumber Scenarios" data-provider="scenarios" finished-at="2020-09-21T23:50:04Z" duration-ms="50711" status="FAIL">
          <params>
            <param index="0">
              <value>
                <![CDATA["Validate search cars page"]]>
              </value>
            </param>
            <param index="1">
              <value>
                <![CDATA["Acceptance testing to validate Search page is working fine."]]>
              </value>
            </param>
          </params>
          <exception class="org.openqa.selenium.ElementClickInterceptedException">
            <message>
              <![CDATA[element click intercepted: Element is not clickable at point (-9784, 260)
  (Session info: chrome=85.0.4183.102)
Build info: version: '4.0.0-alpha-6', revision: '5f43a29cfc'
System info: host: 'LAPTOP-K2CLGN36', ip: '192.168.0.13', os.name: 'Windows 10', os.arch: 'amd64', os.version: '10.0', java.version: '14'
Driver info: org.openqa.selenium.chrome.ChromeDriver
Capabilities {acceptInsecureCerts: false, browserName: chrome, browserVersion: 85.0.4183.102, chrome: {chromedriverVersion: 84.0.4147.30 (48b3e868b4cc0..., userDataDir: C:\Users\mubayed\AppData\Lo...}, goog:chromeOptions: {debuggerAddress: localhost:18391}, javascriptEnabled: true, networkConnectionEnabled: false, pageLoadStrategy: normal, platform: WINDOWS, platformName: WINDOWS, proxy: Proxy(), setWindowRect: true, strictFileInteractability: false, timeouts: {implicit: 0, pageLoad: 300000, script: 30000}, unhandledPromptBehavior: dismiss and notify, webauthn:virtualAuthenticators: true}
Session ID: e2d7502713f6d6804f7756873d9c58e2]]>
            </message>
            <full-stacktrace>
              <![CDATA[org.openqa.selenium.ElementClickInterceptedException: element click intercepted: Element is not clickable at point (-9784, 260)
  (Session info: chrome=85.0.4183.102)
Build info: version: '4.0.0-alpha-6', revision: '5f43a29cfc'
System info: host: 'LAPTOP-K2CLGN36', ip: '192.168.0.13', os.name: 'Windows 10', os.arch: 'amd64', os.version: '10.0', java.version: '14'
Driver info: org.openqa.selenium.chrome.ChromeDriver
Capabilities {acceptInsecureCerts: false, browserName: chrome, browserVersion: 85.0.4183.102, chrome: {chromedriverVersion: 84.0.4147.30 (48b3e868b4cc0..., userDataDir: C:\Users\mubayed\AppData\Lo...}, goog:chromeOptions: {debuggerAddress: localhost:18391}, javascriptEnabled: true, networkConnectionEnabled: false, pageLoadStrategy: normal, platform: WINDOWS, platformName: WINDOWS, proxy: Proxy(), setWindowRect: true, strictFileInteractability: false, timeouts: {implicit: 0, pageLoad: 300000, script: 30000}, unhandledPromptBehavior: dismiss and notify, webauthn:virtualAuthenticators: true}
Session ID: e2d7502713f6d6804f7756873d9c58e2
at java.base/jdk.internal.reflect.NativeConstructorAccessorImpl.newInstance0(Native Method)
at java.base/jdk.internal.reflect.NativeConstructorAccessorImpl.newInstance(NativeConstructorAccessorImpl.java:62)
at java.base/jdk.internal.reflect.DelegatingConstructorAccessorImpl.newInstance(DelegatingConstructorAccessorImpl.java:45)
at java.base/java.lang.reflect.Constructor.newInstanceWithCaller(Constructor.java:500)
at java.base/java.lang.reflect.Constructor.newInstance(Constructor.java:481)
at org.openqa.selenium.remote.codec.w3c.W3CHttpResponseCodec.createException(W3CHttpResponseCodec.java:196)
at org.openqa.selenium.remote.codec.w3c.W3CHttpResponseCodec.decode(W3CHttpResponseCodec.java:129)
at org.openqa.selenium.remote.codec.w3c.W3CHttpResponseCodec.decode(W3CHttpResponseCodec.java:53)
at org.openqa.selenium.remote.HttpCommandExecutor.execute(HttpCommandExecutor.java:160)
at org.openqa.selenium.remote.service.DriverCommandExecutor.execute(DriverCommandExecutor.java:83)
at org.openqa.selenium.remote.RemoteWebDriver.execute(RemoteWebDriver.java:582)
at org.openqa.selenium.remote.RemoteWebElement.execute(RemoteWebElement.java:316)
at org.openqa.selenium.remote.RemoteWebElement.click(RemoteWebElement.java:85)
at java.base/jdk.internal.reflect.NativeMethodAccessorImpl.invoke0(Native Method)
at java.base/jdk.internal.reflect.NativeMethodAccessorImpl.invoke(NativeMethodAccessorImpl.java:62)
at java.base/jdk.internal.reflect.DelegatingMethodAccessorImpl.invoke(DelegatingMethodAccessorImpl.java:43)
at java.base/java.lang.reflect.Method.invoke(Method.java:564)
at org.openqa.selenium.support.pagefactory.internal.LocatingElementHandler.invoke(LocatingElementHandler.java:52)
at com.sun.proxy.$Proxy41.click(Unknown Source)
at com.qa.pages.actions.CarsGuideHomePageActions.clickOnSearchCarsMenu(CarsGuideHomePageActions.java:26)
at com.qa.steps.SearchCarsSteps.click_on_link(SearchCarsSteps.java:33)
at ✽.click on "Search Cars" link(file:src/test/resources/features/SearchCars.feature:13)
]]>
            </full-stacktrace>
          </exception> <!-- org.openqa.selenium.ElementClickInterceptedException -->
          <reporter-output>
          </reporter-output>
        </test-method> <!-- runScenario -->
        <test-method signature="runScenario(io.cucumber.testng.PickleEventWrapper, io.cucumber.testng.CucumberFeatureWrapper)[pri:0, instance:com.qa.runner.RunnerCuke@3967e60c]" started-at="2020-09-21T23:50:04Z" name="runScenario" description="Runs Cucumber Scenarios" data-provider="scenarios" finished-at="2020-09-21T23:50:48Z" duration-ms="44202" status="PASS">
          <params>
            <param index="0">
              <value>
                <![CDATA["Validate used search cars page"]]>
              </value>
            </param>
            <param index="1">
              <value>
                <![CDATA["Acceptance testing to validate Used Search cars page is working fine."]]>
              </value>
            </param>
          </params>
          <reporter-output>
          </reporter-output>
        </test-method> <!-- runScenario -->
        <test-method is-config="true" signature="tearDownClass()[pri:0, instance:com.qa.runner.RunnerCuke@3967e60c]" started-at="2020-09-21T23:50:48Z" name="tearDownClass" finished-at="2020-09-21T23:50:54Z" duration-ms="5453" status="PASS">
          <reporter-output>
          </reporter-output>
        </test-method> <!-- tearDownClass -->
      </class> <!-- com.qa.runner.RunnerCuke -->
    </test> <!-- Test -->
  </suite> <!-- Suite -->
</testng-results>
